Build started 2016-11-09 오후 4:05:26.
     1>Project "C:\Users\Y700\Desktop\[dpB_2013104093]\[dpB_2013104093]\[dpB_2013104093].vcxproj" on node 2 (build target(s)).
     1>InitializeBuildStatus:
         Creating "Debug\[dpB_2013104093].unsuccessfulbuild" because "AlwaysCreate" was specified.
       ClCompile:
         c:\Program Files (x86)\Microsoft Visual Studio 10.0\VC\bin\CL.exe /c /ZI /nologo /W3 /WX- /Od /Oy- /D _MBCS /Gm /EHsc /RTC1 /MDd /GS /fp:precise /Zc:wchar_t /Zc:forScope /Fo"Debug\\" /Fd"Debug\vc100.pdb" /Gd /TP /analyze- /errorReport:prompt OrderTransactionManager.cpp
         OrderTransactionManager.cpp
     1>c:\users\y700\desktop\[dpb_2013104093]\[dpb_2013104093]\ordertransactionmanager.cpp(35): warning C4018: '<' : signed/unsigned mismatch
     1>c:\users\y700\desktop\[dpb_2013104093]\[dpb_2013104093]\ordertransactionmanager.cpp(45): warning C4018: '<' : signed/unsigned mismatch
     1>c:\users\y700\desktop\[dpb_2013104093]\[dpb_2013104093]\ordertransactionmanager.cpp(70): warning C4018: '<' : signed/unsigned mismatch
     1>c:\users\y700\desktop\[dpb_2013104093]\[dpb_2013104093]\ordertransactionmanager.cpp(29): warning C4715: 'OrderTransactionManager::getFrontTransaction' : not all control paths return a value
       Link:
         c:\Program Files (x86)\Microsoft Visual Studio 10.0\VC\bin\link.exe /ERRORREPORT:PROMPT /OUT:"C:\Users\Y700\Desktop\[dpB_2013104093]\Debug\[dpB_2013104093].exe" /NOLOGO kernel32.lib user32.lib gdi32.lib winspool.lib comdlg32.lib advapi32.lib shell32.lib ole32.lib oleaut32.lib uuid.lib odbc32.lib odbccp32.lib /MANIFEST /ManifestFile:"Debug\[dpB_2013104093].exe.intermediate.manifest" /MANIFESTUAC:"level='asInvoker' uiAccess='false'" /DEBUG /PDB:"C:\Users\Y700\Desktop\[dpB_2013104093]\Debug\[dpB_2013104093].pdb" /TLBID:1 /DYNAMICBASE /NXCOMPAT /IMPLIB:"C:\Users\Y700\Desktop\[dpB_2013104093]\Debug\[dpB_2013104093].lib" /MACHINE:X86 Debug\App.obj
         Debug\Coffee.obj
         Debug\CoffeeFactory.obj
         Debug\CounterFacade.obj
         Debug\DiscountAlgorithm.obj
         Debug\IngredientsDecorator.obj
         Debug\main.obj
         Debug\ManagerFacade.obj
         Debug\OrderTransactionManager.obj
         Debug\ProductPriceCalculator.obj
         Debug\SaleManager.obj
         Debug\StockManager.obj
         Debug\Transaction.obj
         LINK : C:\Users\Y700\Desktop\[dpB_2013104093]\Debug\[dpB_2013104093].exe not found or not built by the last incremental link; performing full link
         [dpB_2013104093].vcxproj -> C:\Users\Y700\Desktop\[dpB_2013104093]\Debug\[dpB_2013104093].exe
       Manifest:
         c:\Program Files (x86)\Microsoft SDKs\Windows\v7.0A\bin\mt.exe /nologo /verbose /outputresource:"C:\Users\Y700\Desktop\[dpB_2013104093]\Debug\[dpB_2013104093].exe;#1" /manifest "Debug\[dpB_2013104093].exe.intermediate.manifest"
       FinalizeBuildStatus:
         Deleting file "Debug\[dpB_2013104093].unsuccessfulbuild".
         Touching "Debug\[dpB_2013104093].lastbuildstate".
     1>Done Building Project "C:\Users\Y700\Desktop\[dpB_2013104093]\[dpB_2013104093]\[dpB_2013104093].vcxproj" (build target(s)).

Build succeeded.

Time Elapsed 00:00:00.71
