Build started 2016-12-14 오후 3:51:57.
     1>Project "C:\Users\Y700\Desktop\dp3_2013104093\dp3_2013104093\dp3_2013104093.vcxproj" on node 2 (build target(s)).
     1>InitializeBuildStatus:
         Creating "Debug\dp3_2013104093.unsuccessfulbuild" because "AlwaysCreate" was specified.
       ClCompile:
         c:\Program Files (x86)\Microsoft Visual Studio 10.0\VC\bin\CL.exe /c /ZI /nologo /W3 /WX- /Od /Oy- /D _MBCS /Gm /EHsc /RTC1 /MDd /GS /fp:precise /Zc:wchar_t /Zc:forScope /Fo"Debug\\" /Fd"Debug\vc100.pdb" /Gd /TP /analyze- /errorReport:prompt AlbumManager.cpp App.cpp BaseManager.cpp BaseRecommendation.cpp Composer.cpp composerManager.cpp main.cpp MusicAlbum.cpp RecommendBestComposer.cpp RecommendTopTen.cpp User.cpp userManager.cpp
         userManager.cpp
     1>c:\users\y700\desktop\dp3_2013104093\dp3_2013104093\usermanager.cpp(13): warning C4244: 'initializing' : conversion from 'std::streamoff' to 'int', possible loss of data
     1>c:\users\y700\desktop\dp3_2013104093\dp3_2013104093\usermanager.cpp(59): warning C4018: '<' : signed/unsigned mismatch
     1>c:\users\y700\desktop\dp3_2013104093\dp3_2013104093\usermanager.cpp(91): warning C4018: '<' : signed/unsigned mismatch
     1>c:\users\y700\desktop\dp3_2013104093\dp3_2013104093\usermanager.cpp(103): warning C4018: '<' : signed/unsigned mismatch
     1>c:\users\y700\desktop\dp3_2013104093\dp3_2013104093\usermanager.cpp(120): warning C4018: '<' : signed/unsigned mismatch
         User.cpp
         RecommendTopTen.cpp
     1>c:\users\y700\desktop\dp3_2013104093\dp3_2013104093\recommendtopten.cpp(28): warning C4018: '<' : signed/unsigned mismatch
     1>c:\users\y700\desktop\dp3_2013104093\dp3_2013104093\recommendtopten.cpp(33): warning C4018: '<' : signed/unsigned mismatch
     1>c:\users\y700\desktop\dp3_2013104093\dp3_2013104093\recommendtopten.cpp(36): warning C4018: '<' : signed/unsigned mismatch
     1>c:\users\y700\desktop\dp3_2013104093\dp3_2013104093\recommendtopten.cpp(39): warning C4018: '<' : signed/unsigned mismatch
     1>c:\users\y700\desktop\dp3_2013104093\dp3_2013104093\recommendtopten.cpp(76): warning C4018: '<' : signed/unsigned mismatch
         RecommendBestComposer.cpp
     1>c:\users\y700\desktop\dp3_2013104093\dp3_2013104093\recommendbestcomposer.cpp(34): warning C4018: '<' : signed/unsigned mismatch
     1>c:\users\y700\desktop\dp3_2013104093\dp3_2013104093\recommendbestcomposer.cpp(36): warning C4018: '<' : signed/unsigned mismatch
     1>c:\users\y700\desktop\dp3_2013104093\dp3_2013104093\recommendbestcomposer.cpp(51): warning C4018: '<' : signed/unsigned mismatch
     1>c:\users\y700\desktop\dp3_2013104093\dp3_2013104093\recommendbestcomposer.cpp(57): warning C4018: '<' : signed/unsigned mismatch
         MusicAlbum.cpp
         main.cpp
         composerManager.cpp
     1>c:\users\y700\desktop\dp3_2013104093\dp3_2013104093\composermanager.cpp(12): warning C4244: 'initializing' : conversion from 'std::streamoff' to 'int', possible loss of data
     1>c:\users\y700\desktop\dp3_2013104093\dp3_2013104093\composermanager.cpp(67): warning C4018: '<' : signed/unsigned mismatch
     1>c:\users\y700\desktop\dp3_2013104093\dp3_2013104093\composermanager.cpp(83): warning C4018: '<' : signed/unsigned mismatch
         Composer.cpp
         BaseRecommendation.cpp
         BaseManager.cpp
         App.cpp
     1>c:\users\y700\desktop\dp3_2013104093\dp3_2013104093\app.cpp(182): warning C4018: '<' : signed/unsigned mismatch
     1>c:\users\y700\desktop\dp3_2013104093\dp3_2013104093\app.cpp(208): warning C4018: '<' : signed/unsigned mismatch
     1>c:\users\y700\desktop\dp3_2013104093\dp3_2013104093\app.cpp(263): warning C4018: '<' : signed/unsigned mismatch
     1>c:\users\y700\desktop\dp3_2013104093\dp3_2013104093\app.cpp(306): warning C4018: '<' : signed/unsigned mismatch
     1>c:\users\y700\desktop\dp3_2013104093\dp3_2013104093\app.cpp(332): warning C4018: '<' : signed/unsigned mismatch
     1>c:\users\y700\desktop\dp3_2013104093\dp3_2013104093\app.cpp(357): warning C4018: '<' : signed/unsigned mismatch
     1>c:\users\y700\desktop\dp3_2013104093\dp3_2013104093\app.cpp(373): warning C4018: '<' : signed/unsigned mismatch
     1>c:\users\y700\desktop\dp3_2013104093\dp3_2013104093\app.cpp(375): warning C4018: '<' : signed/unsigned mismatch
     1>c:\users\y700\desktop\dp3_2013104093\dp3_2013104093\app.cpp(432): warning C4018: '<' : signed/unsigned mismatch
     1>c:\users\y700\desktop\dp3_2013104093\dp3_2013104093\app.cpp(462): warning C4018: '<' : signed/unsigned mismatch
         AlbumManager.cpp
     1>c:\users\y700\desktop\dp3_2013104093\dp3_2013104093\albummanager.cpp(12): warning C4244: 'initializing' : conversion from 'std::streamoff' to 'int', possible loss of data
     1>c:\users\y700\desktop\dp3_2013104093\dp3_2013104093\albummanager.cpp(76): warning C4018: '<' : signed/unsigned mismatch
     1>c:\users\y700\desktop\dp3_2013104093\dp3_2013104093\albummanager.cpp(90): warning C4018: '<' : signed/unsigned mismatch
     1>c:\users\y700\desktop\dp3_2013104093\dp3_2013104093\albummanager.cpp(104): warning C4018: '<' : signed/unsigned mismatch
         Generating Code...
     1>c:\users\y700\desktop\dp3_2013104093\dp3_2013104093\composermanager.cpp(79): warning C4715: 'ComposerManager::searchComposerByName' : not all control paths return a value
     1>c:\users\y700\desktop\dp3_2013104093\dp3_2013104093\composermanager.cpp(95): warning C4715: 'ComposerManager::searchComposerById' : not all control paths return a value
     1>c:\users\y700\desktop\dp3_2013104093\dp3_2013104093\usermanager.cpp(111): warning C4715: 'UserManager::getPurchasedListByUserId' : not all control paths return a value
       Link:
         c:\Program Files (x86)\Microsoft Visual Studio 10.0\VC\bin\link.exe /ERRORREPORT:PROMPT /OUT:"C:\Users\Y700\Desktop\dp3_2013104093\Debug\dp3_2013104093.exe" /NOLOGO kernel32.lib user32.lib gdi32.lib winspool.lib comdlg32.lib advapi32.lib shell32.lib ole32.lib oleaut32.lib uuid.lib odbc32.lib odbccp32.lib /MANIFEST /ManifestFile:"Debug\dp3_2013104093.exe.intermediate.manifest" /MANIFESTUAC:"level='asInvoker' uiAccess='false'" /DEBUG /PDB:"C:\Users\Y700\Desktop\dp3_2013104093\Debug\dp3_2013104093.pdb" /SUBSYSTEM:CONSOLE /TLBID:1 /DYNAMICBASE /NXCOMPAT /IMPLIB:"C:\Users\Y700\Desktop\dp3_2013104093\Debug\dp3_2013104093.lib" /MACHINE:X86 Debug\AlbumManager.obj
         Debug\App.obj
         Debug\BaseManager.obj
         Debug\BaseRecommendation.obj
         Debug\Composer.obj
         Debug\composerManager.obj
         Debug\main.obj
         Debug\MusicAlbum.obj
         Debug\RecommendBestComposer.obj
         Debug\RecommendTopTen.obj
         Debug\User.obj
         Debug\userManager.obj
         LINK : C:\Users\Y700\Desktop\dp3_2013104093\Debug\dp3_2013104093.exe not found or not built by the last incremental link; performing full link
         dp3_2013104093.vcxproj -> C:\Users\Y700\Desktop\dp3_2013104093\Debug\dp3_2013104093.exe
       Manifest:
         c:\Program Files (x86)\Microsoft SDKs\Windows\v7.0A\bin\mt.exe /nologo /verbose /outputresource:"C:\Users\Y700\Desktop\dp3_2013104093\Debug\dp3_2013104093.exe;#1" /manifest Debug\dp3_2013104093.exe.intermediate.manifest
       FinalizeBuildStatus:
         Deleting file "Debug\dp3_2013104093.unsuccessfulbuild".
         Touching "Debug\dp3_2013104093.lastbuildstate".
     1>Done Building Project "C:\Users\Y700\Desktop\dp3_2013104093\dp3_2013104093\dp3_2013104093.vcxproj" (build target(s)).

Build succeeded.

Time Elapsed 00:00:04.36
